2015:11:22 20:52:57 >>> Ф┬░Е┼÷ <<< Ф∙╟Ф█╝Е╨⌠Х©·Ф▌╔
2015:11:22 20:52:57 >>>  SQL <<< use Geo

2015:11:22 20:52:57 >>> Е╓╠Х╢╔ <<< 
2015:11:22 20:52:57 >>> Е╓╠Х╢╔ <<< И─┴Х║╗
2015:11:22 20:52:57 >>>  SQL <<< set names UTF8

2015:11:22 20:52:57 >>> Е╓╠Х╢╔ <<< 
2015:11:22 20:52:57 >>> Е╓╠Х╢╔ <<< Г╪√Г═│Х╝╬Г╫╝
2015:11:22 21:07:18 >>> Ф┬░Е┼÷ <<< Ф∙╟Ф█╝Е╨⌠Х©·Ф▌╔
2015:11:22 21:07:18 >>>  SQL <<< use Geo

2015:11:22 21:07:18 >>> Е╓╠Х╢╔ <<< 
2015:11:22 21:07:18 >>> Е╓╠Х╢╔ <<< И─┴Х║╗
2015:11:22 21:07:18 >>>  SQL <<< set names UTF8

2015:11:22 21:07:18 >>> Е╓╠Х╢╔ <<< 
2015:11:22 21:07:18 >>> Е╓╠Х╢╔ <<< Г╪√Г═│Х╝╬Г╫╝
2015:11:22 21:07:20 >>> Ф┬░Е┼÷ <<< Ф∙╟Ф█╝Е╨⌠Х©·Ф▌╔
2015:11:22 21:07:20 >>>  SQL <<< use Geo

2015:11:22 21:07:20 >>> Е╓╠Х╢╔ <<< 
2015:11:22 21:07:20 >>> Е╓╠Х╢╔ <<< И─┴Х║╗
2015:11:22 21:07:20 >>>  SQL <<< set names UTF8

2015:11:22 21:07:20 >>> Е╓╠Х╢╔ <<< 
2015:11:22 21:07:20 >>> Е╓╠Х╢╔ <<< Г╪√Г═│Х╝╬Г╫╝
2015:11:22 21:07:20 >>> Ф┬░Е┼÷ <<< Ф∙╟Ф█╝Е╨⌠Х©·Ф▌╔
2015:11:22 21:07:20 >>>  SQL <<< use Geo

2015:11:22 21:07:20 >>> Е╓╠Х╢╔ <<< 
2015:11:22 21:07:20 >>> Е╓╠Х╢╔ <<< И─┴Х║╗
2015:11:22 21:07:20 >>>  SQL <<< set names UTF8

2015:11:22 21:07:20 >>> Е╓╠Х╢╔ <<< 
2015:11:22 21:07:20 >>> Е╓╠Х╢╔ <<< Г╪√Г═│Х╝╬Г╫╝
2015:11:22 21:07:20 >>> Ф┬░Е┼÷ <<< Ф∙╟Ф█╝Е╨⌠Х©·Ф▌╔
2015:11:22 21:07:20 >>>  SQL <<< use Geo

2015:11:22 21:07:20 >>> Е╓╠Х╢╔ <<< 
2015:11:22 21:07:20 >>> Е╓╠Х╢╔ <<< И─┴Х║╗
2015:11:22 21:07:20 >>>  SQL <<< set names UTF8

2015:11:22 21:07:20 >>> Е╓╠Х╢╔ <<< 
2015:11:22 21:07:20 >>> Е╓╠Х╢╔ <<< Г╪√Г═│Х╝╬Г╫╝
2015:11:22 21:07:21 >>> Ф┬░Е┼÷ <<< Ф∙╟Ф█╝Е╨⌠Х©·Ф▌╔
2015:11:22 21:07:21 >>>  SQL <<< use Geo

2015:11:22 21:07:21 >>> Е╓╠Х╢╔ <<< 
2015:11:22 21:07:21 >>> Е╓╠Х╢╔ <<< И─┴Х║╗
2015:11:22 21:07:21 >>>  SQL <<< set names UTF8

2015:11:22 21:07:21 >>> Е╓╠Х╢╔ <<< 
2015:11:22 21:07:21 >>> Е╓╠Х╢╔ <<< Г╪√Г═│Х╝╬Г╫╝
2015:11:22 21:11:07 >>> Ф┬░Е┼÷ <<< Ф∙╟Ф█╝Е╨⌠Х©·Ф▌╔
2015:11:22 21:11:07 >>>  SQL <<< use Geo

2015:11:22 21:11:07 >>> Е╓╠Х╢╔ <<< 
2015:11:22 21:11:07 >>> Е╓╠Х╢╔ <<< И─┴Х║╗
2015:11:22 21:11:07 >>>  SQL <<< set names UTF8

2015:11:22 21:11:07 >>> Е╓╠Х╢╔ <<< 
2015:11:22 21:11:07 >>> Е╓╠Х╢╔ <<< Г╪√Г═│Х╝╬Г╫╝
2015:11:22 21:11:11 >>> Ф┬░Е┼÷ <<< Ф∙╟Ф█╝Е╨⌠Х©·Ф▌╔
2015:11:22 21:11:11 >>>  SQL <<< use Geo

2015:11:22 21:11:11 >>> Е╓╠Х╢╔ <<< 
2015:11:22 21:11:11 >>> Е╓╠Х╢╔ <<< И─┴Х║╗
2015:11:22 21:11:11 >>>  SQL <<< set names UTF8

2015:11:22 21:11:11 >>> Е╓╠Х╢╔ <<< 
2015:11:22 21:11:11 >>> Е╓╠Х╢╔ <<< Г╪√Г═│Х╝╬Г╫╝
2015:11:24 22:31:28 >>> Ф┬░Е┼÷ <<< Ф∙╟Ф█╝Е╨⌠Х©·Ф▌╔
2015:11:24 22:31:28 >>>  SQL <<< use Geo

2015:11:24 22:31:28 >>> Е╓╠Х╢╔ <<< 
2015:11:24 22:31:28 >>> Е╓╠Х╢╔ <<< И─┴Х║╗
2015:11:24 22:31:28 >>>  SQL <<< set names UTF8

2015:11:24 22:31:28 >>> Е╓╠Х╢╔ <<< 
2015:11:24 22:31:28 >>> Е╓╠Х╢╔ <<< Г╪√Г═│Х╝╬Г╫╝
2015:11:24 22:32:45 >>> Ф┬░Е┼÷ <<< Ф∙╟Ф█╝Е╨⌠Х©·Ф▌╔
2015:11:24 22:33:04 >>> Ф┬░Е┼÷ <<< Ф∙╟Ф█╝Е╨⌠Х©·Ф▌╔
2015:11:24 22:33:04 >>>  SQL <<< use Geo

2015:11:24 22:33:04 >>> Ф┬░Е┼÷ <<< И─┴Х║╗
2015:11:24 22:33:04 >>>  SQL <<< set names UTF8

2015:11:24 22:33:04 >>> Ф┬░Е┼÷ <<< Г╪√Г═│Х╝╬Г╫╝
2015:11:24 23:00:50 >>> Ф┬░Е┼÷ <<< Ф∙╟Ф█╝Е╨⌠Х©·Ф▌╔
2015:11:24 23:00:50 >>>  SQL <<< use Geo

2015:11:24 23:00:50 >>> Ф┬░Е┼÷ <<< И─┴Х║╗
2015:11:24 23:00:50 >>>  SQL <<< set names UTF8

2015:11:24 23:00:50 >>> Ф┬░Е┼÷ <<< Г╪√Г═│Х╝╬Г╫╝
2015:11:24 23:11:17 >>> Ф┬░Е┼÷ <<< Ф∙╟Ф█╝Е╨⌠Х©·Ф▌╔
2015:11:24 23:11:17 >>>  SQL <<< use Geo

2015:11:24 23:11:17 >>> Ф┬░Е┼÷ <<< И─┴Х║╗
2015:11:24 23:11:17 >>> SQL <<< set names UTF8

2015:11:24 23:11:17 >>> Ф┬░Е┼÷ <<< Г╪√Г═│Х╝╬Г╫╝
2015:11:25 22:15:41 >>> Ф┬░Е┼÷ <<< Ф∙╟Ф█╝Е╨⌠Х©·Ф▌╔
2015:11:25 22:15:41 >>>  SQL <<< use Geo

2015:11:25 22:15:41 >>> Ф┬░Е┼÷ <<< И─┴Х║╗
2015:11:25 22:15:41 >>>  SQL <<< set names UTF8

2015:11:25 22:15:41 >>> Ф┬░Е┼÷ <<< Г╪√Г═│Х╝╬Г╫╝
2015:11:25 23:21:54 >>> Ф┬░Е┼÷ <<< Ф∙╟Ф█╝Е╨⌠Х©·Ф▌╔
2015:11:25 23:21:54 >>>  SQL <<< use Geo

2015:11:25 23:21:54 >>> Ф┬░Е┼÷ <<< И─┴Х║╗
2015:11:25 23:21:54 >>>  SQL <<< set names UTF8

2015:11:25 23:21:54 >>> Ф┬░Е┼÷ <<< Г╪√Г═│Х╝╬Г╫╝
2015:11:26 18:45:46 >>> Ф┬░Е┼÷ <<< Ф∙╟Ф█╝Е╨⌠Х©·Ф▌╔
2015:11:26 18:45:46 >>>  SQL <<< use Geo

2015:11:26 18:45:46 >>> Ф┬░Е┼÷ <<< И─┴Х║╗
2015:11:26 18:45:46 >>>  SQL <<< set names UTF8

2015:11:26 18:45:46 >>> Ф┬░Е┼÷ <<< Г╪√Г═│Х╝╬Г╫╝
2015:11:26 19:06:35 >>> ур╣╫modнд╪Ч
2015:11:26 19:06:39 >>> ур╣╫modнд╪Ч
2015:11:26 19:07:39 >>> had found mod
2015:11:26 19:09:20 >>> had found mod
2015:11:26 19:09:21 >>> had found mod
2015:11:26 19:10:17 >>> had found mod
2015:11:26 19:10:20 >>> had found mod
2015:11:26 19:14:20 >>> had found mod
2015:11:26 19:14:21 >>> had found mod
2015:11:26 19:14:22 >>> had found mod
2015:11:26 19:14:24 >>> had found mod
2015:11:26 19:15:52 >>> had found mod
2015:11:26 19:15:53 >>> had found mod
2015:11:26 19:15:53 >>> had found mod
2015:11:26 19:15:55 >>> had found mod
2015:11:26 19:16:00 >>> had found mod
2015:11:26 19:16:52 >>> had found mod
2015:11:26 19:16:53 >>> had found mod
2015:11:26 19:16:54 >>> had found mod
2015:11:26 19:31:53 >>> Ф┬░Е┼÷ <<< Ф∙╟Ф█╝Е╨⌠Х©·Ф▌╔
2015:11:26 19:31:53 >>> SQL <<< select * from cat

2015:11:26 19:36:51 >>> Ф┬░Е┼÷ <<< Ф∙╟Ф█╝Е╨⌠Х©·Ф▌╔
2015:11:26 19:36:51 >>> SQL <<< select * from cat

2015:11:27 18:22:05 >>> Е╝·Д╬▀Е▄√mysqliФ┬░Е┼÷О╪│
2015:11:27 18:45:59 >>> Е╝·Д╬▀Е▄√mysqliФ┬░Е┼÷О╪│
2015:11:27 18:47:07 >>> Е╝·Д╬▀Е▄√mysqliФ┬░Е┼÷О╪│
2015:11:27 18:47:13 >>> Е╝·Д╬▀Е▄√mysqliФ┬░Е┼÷О╪│
2015:11:27 18:51:52 >>> Е╝·Д╬▀Е▄√mysqliФ┬░Е┼÷О╪│
2015:11:27 18:53:53 >>> Е╝·Д╬▀Е▄√mysqliФ┬░Е┼÷О╪│
2015:11:27 18:55:11 >>> Е╝·Д╬▀Е▄√mysqliФ┬░Е┼÷О╪│
2015:11:27 18:58:20 >>> Е╝·Д╬▀Е▄√mysqliФ┬░Е┼÷О╪│
2015:11:27 18:58:24 >>> Е╝·Д╬▀Е▄√mysqliФ┬░Е┼÷О╪│
2015:11:27 18:59:30 >>> Е╝·Д╬▀Е▄√mysqliФ┬░Е┼÷О╪│
2015:11:27 18:59:33 >>> Е╝·Д╬▀Е▄√mysqliФ┬░Е┼÷О╪│
2015:11:27 18:59:46 >>> Е╝·Д╬▀Е▄√mysqliФ┬░Е┼÷О╪│
2015:11:27 18:59:49 >>> Е╝·Д╬▀Е▄√mysqliФ┬░Е┼÷О╪│
2015:11:27 19:00:08 >>> Е╝·Д╬▀Е▄√mysqliФ┬░Е┼÷О╪│
2015:11:27 19:00:57 >>> Е╝·Д╬▀Е▄√mysqliФ┬░Е┼÷О╪│
2015:11:27 19:01:03 >>> Е╝·Д╬▀Е▄√mysqliФ┬░Е┼÷О╪│
2015:11:27 19:01:09 >>> Е╝·Д╬▀Е▄√mysqliФ┬░Е┼÷О╪│
2015:11:27 19:01:16 >>> Е╝·Д╬▀Е▄√mysqliФ┬░Е┼÷О╪│
2015:11:27 19:01:18 >>> Е╝·Д╬▀Е▄√mysqliФ┬░Е┼÷О╪│
2015:11:27 19:01:21 >>> Е╝·Д╬▀Е▄√mysqliФ┬░Е┼÷О╪│
2015:11:27 19:01:28 >>> Е╝·Д╬▀Е▄√mysqliФ┬░Е┼÷О╪│
2015:11:27 19:01:33 >>> Е╝·Д╬▀Е▄√mysqliФ┬░Е┼÷О╪│
2015:11:27 19:01:42 >>> Е╝·Д╬▀Е▄√mysqliФ┬░Е┼÷О╪│
2015:11:27 19:02:17 >>> Е╝·Д╬▀Е▄√mysqliФ┬░Е┼÷О╪│
2015:11:27 19:08:39 >>> Е╝·Д╬▀Е▄√mysqliФ┬░Е┼÷О╪│
2015:11:27 19:08:49 >>> Е╝·Д╬▀Е▄√mysqliФ┬░Е┼÷О╪│
2015:11:27 19:09:17 >>> Е╝·Д╬▀Е▄√mysqliФ┬░Е┼÷О╪│
